Copyright 1986-2017 Xilinx, Inc. All Rights Reserved.
---------------------------------------------------------------------------------------------
| Tool Version : Vivado v.2017.4 (lin64) Build 2086221 Fri Dec 15 20:54:30 MST 2017
| Date         : Mon Jun 21 18:00:29 2021
| Host         : PC12-L6 running 64-bit unknown
| Command      : report_control_sets -verbose -file design_1_wrapper_control_sets_placed.rpt
| Design       : design_1_wrapper
| Device       : xc7z020
---------------------------------------------------------------------------------------------

Control Set Information

Table of Contents
-----------------
1. Summary
2. Flip-Flop Distribution
3. Detailed Control Set Information

1. Summary
----------

+----------------------------------------------------------+-------+
|                          Status                          | Count |
+----------------------------------------------------------+-------+
| Number of unique control sets                            |    67 |
| Unused register locations in slices containing registers |   113 |
+----------------------------------------------------------+-------+


2. Flip-Flop Distribution
-------------------------

+--------------+-----------------------+------------------------+-----------------+--------------+
| Clock Enable | Synchronous Set/Reset | Asynchronous Set/Reset | Total Registers | Total Slices |
+--------------+-----------------------+------------------------+-----------------+--------------+
| No           | No                    | No                     |             182 |           60 |
| No           | No                    | Yes                    |               3 |            1 |
| No           | Yes                   | No                     |             126 |           41 |
| Yes          | No                    | No                     |             451 |          106 |
| Yes          | No                    | Yes                    |               0 |            0 |
| Yes          | Yes                   | No                     |             373 |           89 |
+--------------+-----------------------+------------------------+-----------------+--------------+


3. Detailed Control Set Information
-----------------------------------

+-------------------------------------------------+----------------------------------------------------------------------------------------------------------------------------------------------------------------+------------------------------------------------------------------------------------------------------------------------------------------+------------------+----------------+
|                   Clock Signal                  |                                                                          Enable Signal                                                                         |                                                             Set/Reset Signal                                                             | Slice Load Count | Bel Load Count |
+-------------------------------------------------+----------------------------------------------------------------------------------------------------------------------------------------------------------------+------------------------------------------------------------------------------------------------------------------------------------------+------------------+----------------+
|  design_1_i/processing_system7_0/inst/FCLK_CLK0 |                                                                                                                                                                | design_1_i/axi_pwm_generator_0/U0/axi_pwm_generator_v1_0_S_AXI_inst/Conexion_PWM/Conexion_deadtime/dir_down_i_1_n_0                      |                1 |              1 |
|  design_1_i/processing_system7_0/inst/FCLK_CLK0 | design_1_i/ps7_0_axi_periph/s00_couplers/auto_pc/inst/gen_axilite.gen_b2s_conv.axilite_b2s/WR.b_channel_0/bid_fifo_0/bresp_push                                |                                                                                                                                          |                1 |              2 |
|  design_1_i/processing_system7_0/inst/FCLK_CLK0 | design_1_i/ps7_0_axi_periph/s00_couplers/auto_pc/inst/gen_axilite.gen_b2s_conv.axilite_b2s/WR.aw_channel_0/cmd_translator_0/incr_cmd_0/axaddr_incr[11]_i_1_n_0 |                                                                                                                                          |                1 |              4 |
|  design_1_i/processing_system7_0/inst/FCLK_CLK0 | design_1_i/ps7_0_axi_periph/s00_couplers/auto_pc/inst/gen_axilite.gen_b2s_conv.axilite_b2s/WR.aw_channel_0/aw_cmd_fsm_0/wrap_boundary_axaddr_r_reg[0][0]       |                                                                                                                                          |                3 |              4 |
|  design_1_i/processing_system7_0/inst/FCLK_CLK0 |                                                                                                                                                                | design_1_i/ps7_0_axi_periph/s00_couplers/auto_pc/inst/gen_axilite.gen_b2s_conv.axilite_b2s/SI_REG/ar.ar_pipe/m_valid_i_reg_0             |                2 |              4 |
|  design_1_i/processing_system7_0/inst/FCLK_CLK0 |                                                                                                                                                                | design_1_i/ps7_0_axi_periph/s00_couplers/auto_pc/inst/gen_axilite.gen_b2s_conv.axilite_b2s/SI_REG/aw.aw_pipe/s_ready_i_reg_0             |                2 |              4 |
|  design_1_i/processing_system7_0/inst/FCLK_CLK0 | design_1_i/ps7_0_axi_periph/s00_couplers/auto_pc/inst/gen_axilite.gen_b2s_conv.axilite_b2s/WR.aw_channel_0/aw_cmd_fsm_0/E[0]                                   | design_1_i/ps7_0_axi_periph/s00_couplers/auto_pc/inst/gen_axilite.gen_b2s_conv.axilite_b2s/WR.aw_channel_0/aw_cmd_fsm_0/axlen_cnt_reg[7] |                1 |              4 |
|  design_1_i/processing_system7_0/inst/FCLK_CLK0 | design_1_i/ps7_0_axi_periph/s00_couplers/auto_pc/inst/gen_axilite.gen_b2s_conv.axilite_b2s/RD.ar_channel_0/ar_cmd_fsm_0/axlen_cnt_reg[4][0]                    | design_1_i/ps7_0_axi_periph/s00_couplers/auto_pc/inst/gen_axilite.gen_b2s_conv.axilite_b2s/RD.ar_channel_0/ar_cmd_fsm_0/axlen_cnt_reg[7] |                1 |              4 |
|  design_1_i/processing_system7_0/inst/FCLK_CLK0 | design_1_i/ps7_0_axi_periph/s00_couplers/auto_pc/inst/gen_axilite.gen_b2s_conv.axilite_b2s/RD.ar_channel_0/ar_cmd_fsm_0/axaddr_incr_reg[0][0]                  |                                                                                                                                          |                1 |              4 |
|  design_1_i/processing_system7_0/inst/FCLK_CLK0 | design_1_i/ps7_0_axi_periph/s00_couplers/auto_pc/inst/gen_axilite.gen_b2s_conv.axilite_b2s/RD.ar_channel_0/ar_cmd_fsm_0/E[0]                                   |                                                                                                                                          |                3 |              4 |
|  design_1_i/processing_system7_0/inst/FCLK_CLK0 |                                                                                                                                                                | design_1_i/rst_ps7_0_100M/U0/EXT_LPF/lpf_int                                                                                             |                1 |              5 |
|  design_1_i/processing_system7_0/inst/FCLK_CLK0 | design_1_i/rst_ps7_0_100M/U0/SEQ/seq_cnt_en                                                                                                                    | design_1_i/rst_ps7_0_100M/U0/SEQ/SEQ_COUNTER/clear                                                                                       |                1 |              6 |
|  design_1_i/processing_system7_0/inst/FCLK_CLK0 | design_1_i/axi_pwm_generator_0/U0/axi_pwm_generator_v1_0_S_AXI_inst/slv_reg2[15]_i_1_n_0                                                                       | design_1_i/axi_pwm_generator_0/U0/axi_pwm_generator_v1_0_S_AXI_inst/axi_awready_i_1_n_0                                                  |                2 |              8 |
|  design_1_i/processing_system7_0/inst/FCLK_CLK0 | design_1_i/axi_pwm_generator_0/U0/axi_pwm_generator_v1_0_S_AXI_inst/slv_reg0[7]_i_1_n_0                                                                        | design_1_i/axi_pwm_generator_0/U0/axi_pwm_generator_v1_0_S_AXI_inst/axi_awready_i_1_n_0                                                  |                1 |              8 |
|  design_1_i/processing_system7_0/inst/FCLK_CLK0 | design_1_i/axi_pwm_generator_0/U0/axi_pwm_generator_v1_0_S_AXI_inst/slv_reg2[23]_i_1_n_0                                                                       | design_1_i/axi_pwm_generator_0/U0/axi_pwm_generator_v1_0_S_AXI_inst/axi_awready_i_1_n_0                                                  |                1 |              8 |
|  design_1_i/processing_system7_0/inst/FCLK_CLK0 | design_1_i/axi_pwm_generator_0/U0/axi_pwm_generator_v1_0_S_AXI_inst/slv_reg2[7]_i_1_n_0                                                                        | design_1_i/axi_pwm_generator_0/U0/axi_pwm_generator_v1_0_S_AXI_inst/axi_awready_i_1_n_0                                                  |                1 |              8 |
|  design_1_i/processing_system7_0/inst/FCLK_CLK0 | design_1_i/axi_pwm_generator_0/U0/axi_pwm_generator_v1_0_S_AXI_inst/slv_reg2[31]_i_1_n_0                                                                       | design_1_i/axi_pwm_generator_0/U0/axi_pwm_generator_v1_0_S_AXI_inst/axi_awready_i_1_n_0                                                  |                1 |              8 |
|  design_1_i/processing_system7_0/inst/FCLK_CLK0 | design_1_i/axi_pwm_generator_0/U0/axi_pwm_generator_v1_0_S_AXI_inst/slv_reg3[15]_i_1_n_0                                                                       | design_1_i/axi_pwm_generator_0/U0/axi_pwm_generator_v1_0_S_AXI_inst/axi_awready_i_1_n_0                                                  |                2 |              8 |
|  design_1_i/processing_system7_0/inst/FCLK_CLK0 | design_1_i/axi_pwm_generator_0/U0/axi_pwm_generator_v1_0_S_AXI_inst/slv_reg3[23]_i_1_n_0                                                                       | design_1_i/axi_pwm_generator_0/U0/axi_pwm_generator_v1_0_S_AXI_inst/axi_awready_i_1_n_0                                                  |                3 |              8 |
|  design_1_i/processing_system7_0/inst/FCLK_CLK0 | design_1_i/axi_pwm_generator_0/U0/axi_pwm_generator_v1_0_S_AXI_inst/slv_reg3[7]_i_1_n_0                                                                        | design_1_i/axi_pwm_generator_0/U0/axi_pwm_generator_v1_0_S_AXI_inst/axi_awready_i_1_n_0                                                  |                1 |              8 |
|  design_1_i/processing_system7_0/inst/FCLK_CLK0 | design_1_i/axi_pwm_generator_0/U0/axi_pwm_generator_v1_0_S_AXI_inst/slv_reg1[7]_i_1_n_0                                                                        | design_1_i/axi_pwm_generator_0/U0/axi_pwm_generator_v1_0_S_AXI_inst/axi_awready_i_1_n_0                                                  |                1 |              8 |
|  design_1_i/processing_system7_0/inst/FCLK_CLK0 | design_1_i/axi_pwm_generator_0/U0/axi_pwm_generator_v1_0_S_AXI_inst/slv_reg1[15]_i_1_n_0                                                                       | design_1_i/axi_pwm_generator_0/U0/axi_pwm_generator_v1_0_S_AXI_inst/axi_awready_i_1_n_0                                                  |                3 |              8 |
|  design_1_i/processing_system7_0/inst/FCLK_CLK0 | design_1_i/axi_pwm_generator_0/U0/axi_pwm_generator_v1_0_S_AXI_inst/slv_reg1[31]_i_1_n_0                                                                       | design_1_i/axi_pwm_generator_0/U0/axi_pwm_generator_v1_0_S_AXI_inst/axi_awready_i_1_n_0                                                  |                1 |              8 |
|  design_1_i/processing_system7_0/inst/FCLK_CLK0 | design_1_i/axi_pwm_generator_0/U0/axi_pwm_generator_v1_0_S_AXI_inst/slv_reg1[23]_i_1_n_0                                                                       | design_1_i/axi_pwm_generator_0/U0/axi_pwm_generator_v1_0_S_AXI_inst/axi_awready_i_1_n_0                                                  |                3 |              8 |
|  design_1_i/processing_system7_0/inst/FCLK_CLK0 | design_1_i/axi_pwm_generator_0/U0/axi_pwm_generator_v1_0_S_AXI_inst/slv_reg3[31]_i_1_n_0                                                                       | design_1_i/axi_pwm_generator_0/U0/axi_pwm_generator_v1_0_S_AXI_inst/axi_awready_i_1_n_0                                                  |                1 |              8 |
|  design_1_i/processing_system7_0/inst/FCLK_CLK0 | design_1_i/axi_pwm_generator_0/U0/axi_pwm_generator_v1_0_S_AXI_inst/slv_reg0[31]_i_1_n_0                                                                       | design_1_i/axi_pwm_generator_0/U0/axi_pwm_generator_v1_0_S_AXI_inst/axi_awready_i_1_n_0                                                  |                1 |              8 |
|  design_1_i/processing_system7_0/inst/FCLK_CLK0 | design_1_i/axi_pwm_generator_0/U0/axi_pwm_generator_v1_0_S_AXI_inst/slv_reg0[15]_i_1_n_0                                                                       | design_1_i/axi_pwm_generator_0/U0/axi_pwm_generator_v1_0_S_AXI_inst/axi_awready_i_1_n_0                                                  |                2 |              8 |
|  design_1_i/processing_system7_0/inst/FCLK_CLK0 | design_1_i/axi_pwm_generator_0/U0/axi_pwm_generator_v1_0_S_AXI_inst/slv_reg0[23]_i_1_n_0                                                                       | design_1_i/axi_pwm_generator_0/U0/axi_pwm_generator_v1_0_S_AXI_inst/axi_awready_i_1_n_0                                                  |                2 |              8 |
|  design_1_i/processing_system7_0/inst/FCLK_CLK0 | design_1_i/ps7_0_axi_periph/s00_couplers/auto_pc/inst/gen_axilite.gen_b2s_conv.axilite_b2s/WR.b_channel_0/mhandshake_r                                         | design_1_i/ps7_0_axi_periph/s00_couplers/auto_pc/inst/gen_axilite.gen_b2s_conv.axilite_b2s/WR.b_channel_0/bid_fifo_0/SR[0]               |                2 |              8 |
|  design_1_i/processing_system7_0/inst/FCLK_CLK0 | design_1_i/axi_encoder_0/U0/axi_encoder_v1_0_S_AXI_inst/Conexion_Encoder/Conexion_Filtro_Digital/Conexion_Prescaler/E[0]                                       | design_1_i/axi_encoder_0/U0/axi_encoder_v1_0_S_AXI_inst/Conexion_Encoder/Conexion_contador_periodo/rst                                   |                2 |              8 |
|  design_1_i/processing_system7_0/inst/FCLK_CLK0 | design_1_i/axi_encoder_0/U0/axi_encoder_v1_0_S_AXI_inst/slv_reg1[31]_i_1_n_0                                                                                   | design_1_i/axi_encoder_0/U0/axi_encoder_v1_0_S_AXI_inst/axi_awready_i_1_n_0                                                              |                1 |              8 |
|  design_1_i/processing_system7_0/inst/FCLK_CLK0 | design_1_i/axi_encoder_0/U0/axi_encoder_v1_0_S_AXI_inst/p_1_in[15]                                                                                             | design_1_i/axi_encoder_0/U0/axi_encoder_v1_0_S_AXI_inst/axi_awready_i_1_n_0                                                              |                2 |              8 |
|  design_1_i/processing_system7_0/inst/FCLK_CLK0 | design_1_i/axi_encoder_0/U0/axi_encoder_v1_0_S_AXI_inst/slv_reg1[15]_i_1_n_0                                                                                   | design_1_i/axi_encoder_0/U0/axi_encoder_v1_0_S_AXI_inst/axi_awready_i_1_n_0                                                              |                2 |              8 |
|  design_1_i/processing_system7_0/inst/FCLK_CLK0 | design_1_i/axi_encoder_0/U0/axi_encoder_v1_0_S_AXI_inst/p_1_in[2]                                                                                              | design_1_i/axi_encoder_0/U0/axi_encoder_v1_0_S_AXI_inst/axi_awready_i_1_n_0                                                              |                2 |              8 |
|  design_1_i/processing_system7_0/inst/FCLK_CLK0 | design_1_i/axi_encoder_0/U0/axi_encoder_v1_0_S_AXI_inst/slv_reg1[7]_i_1_n_0                                                                                    | design_1_i/axi_encoder_0/U0/axi_encoder_v1_0_S_AXI_inst/axi_awready_i_1_n_0                                                              |                1 |              8 |
|  design_1_i/processing_system7_0/inst/FCLK_CLK0 | design_1_i/axi_encoder_0/U0/axi_encoder_v1_0_S_AXI_inst/slv_reg1[23]_i_1_n_0                                                                                   | design_1_i/axi_encoder_0/U0/axi_encoder_v1_0_S_AXI_inst/axi_awready_i_1_n_0                                                              |                2 |              8 |
|  design_1_i/processing_system7_0/inst/FCLK_CLK0 | design_1_i/axi_encoder_0/U0/axi_encoder_v1_0_S_AXI_inst/p_1_in[31]                                                                                             | design_1_i/axi_encoder_0/U0/axi_encoder_v1_0_S_AXI_inst/axi_awready_i_1_n_0                                                              |                1 |              8 |
|  design_1_i/processing_system7_0/inst/FCLK_CLK0 | design_1_i/axi_encoder_0/U0/axi_encoder_v1_0_S_AXI_inst/p_1_in[23]                                                                                             | design_1_i/axi_encoder_0/U0/axi_encoder_v1_0_S_AXI_inst/axi_awready_i_1_n_0                                                              |                2 |              8 |
|  design_1_i/processing_system7_0/inst/FCLK_CLK0 |                                                                                                                                                                | design_1_i/axi_pwm_generator_0/U0/axi_pwm_generator_v1_0_S_AXI_inst/axi_awready_i_1_n_0                                                  |                4 |              9 |
|  design_1_i/processing_system7_0/inst/FCLK_CLK0 |                                                                                                                                                                | design_1_i/ps7_0_axi_periph/xbar/inst/gen_sasd.crossbar_sasd_0/addr_arbiter_inst/SR[0]                                                   |                4 |             11 |
|  design_1_i/processing_system7_0/inst/FCLK_CLK0 |                                                                                                                                                                | design_1_i/axi_encoder_0/U0/axi_encoder_v1_0_S_AXI_inst/axi_awready_i_1_n_0                                                              |                4 |             12 |
|  design_1_i/processing_system7_0/inst/FCLK_CLK0 | design_1_i/ps7_0_axi_periph/s00_couplers/auto_pc/inst/gen_axilite.gen_b2s_conv.axilite_b2s/WR.aw_channel_0/aw_cmd_fsm_0/E[0]                                   |                                                                                                                                          |                7 |             13 |
|  design_1_i/processing_system7_0/inst/FCLK_CLK0 | design_1_i/ps7_0_axi_periph/s00_couplers/auto_pc/inst/gen_axilite.gen_b2s_conv.axilite_b2s/RD.ar_channel_0/ar_cmd_fsm_0/axlen_cnt_reg[4][0]                    |                                                                                                                                          |                5 |             13 |
|  design_1_i/processing_system7_0/inst/FCLK_CLK0 | design_1_i/ps7_0_axi_periph/s00_couplers/auto_pc/inst/gen_axilite.gen_b2s_conv.axilite_b2s/RD.r_channel_0/r_push_r                                             |                                                                                                                                          |                4 |             13 |
|  design_1_i/processing_system7_0/inst/FCLK_CLK0 | design_1_i/ps7_0_axi_periph/s00_couplers/auto_pc/inst/gen_axilite.gen_b2s_conv.axilite_b2s/SI_REG/b.b_pipe/skid_buffer_reg[0]_0                                |                                                                                                                                          |                2 |             14 |
|  design_1_i/processing_system7_0/inst/FCLK_CLK0 | design_1_i/ps7_0_axi_periph/s00_couplers/auto_pc/inst/gen_axilite.gen_b2s_conv.axilite_b2s/SI_REG/b.b_pipe/p_1_in                                              |                                                                                                                                          |                2 |             14 |
|  design_1_i/processing_system7_0/inst/FCLK_CLK0 | design_1_i/ps7_0_axi_periph/s00_couplers/auto_pc/inst/gen_axilite.gen_b2s_conv.axilite_b2s/WR.aw_channel_0/aw_cmd_fsm_0/b_push                                 |                                                                                                                                          |                3 |             16 |
|  design_1_i/processing_system7_0/inst/FCLK_CLK0 | design_1_i/ps7_0_axi_periph/xbar/inst/gen_sasd.crossbar_sasd_0/addr_arbiter_inst/p_0_in1_in                                                                    | design_1_i/ps7_0_axi_periph/xbar/inst/gen_sasd.crossbar_sasd_0/addr_arbiter_inst/SR[0]                                                   |                7 |             18 |
|  design_1_i/processing_system7_0/inst/FCLK_CLK0 | design_1_i/axi_encoder_0/U0/axi_encoder_v1_0_S_AXI_inst/Conexion_Encoder/Conexion_FSM/E[0]                                                                     | design_1_i/axi_encoder_0/U0/axi_encoder_v1_0_S_AXI_inst/Conexion_Encoder/Conexion_contador_periodo/rst                                   |                5 |             23 |
|  design_1_i/processing_system7_0/inst/FCLK_CLK0 | design_1_i/axi_encoder_0/U0/axi_encoder_v1_0_S_AXI_inst/Conexion_Encoder/Conexion_FSM/speed_i                                                                  | design_1_i/axi_encoder_0/U0/axi_encoder_v1_0_S_AXI_inst/Conexion_Encoder/Conexion_FSM/speed_i0                                           |                6 |             23 |
|  design_1_i/processing_system7_0/inst/FCLK_CLK0 | design_1_i/axi_encoder_0/U0/axi_encoder_v1_0_S_AXI_inst/Conexion_Encoder/Conexion_contador_posicion/pos_cnt_i                                                  | design_1_i/axi_encoder_0/U0/axi_encoder_v1_0_S_AXI_inst/Conexion_Encoder/Conexion_contador_posicion/pos_cnt_i0                           |                6 |             23 |
|  design_1_i/processing_system7_0/inst/FCLK_CLK0 |                                                                                                                                                                | design_1_i/axi_encoder_0/U0/axi_encoder_v1_0_S_AXI_inst/Conexion_Encoder/Conexion_contador_periodo/rst                                   |                8 |             24 |
|  design_1_i/processing_system7_0/inst/FCLK_CLK0 | design_1_i/axi_pwm_generator_0/U0/axi_pwm_generator_v1_0_S_AXI_inst/Conexion_PWM/Conexion_pwm_generator/carrier_cnt[23]_i_1_n_0                                |                                                                                                                                          |                9 |             24 |
|  design_1_i/processing_system7_0/inst/FCLK_CLK0 | design_1_i/axi_pwm_generator_0/U0/axi_pwm_generator_v1_0_S_AXI_inst/Conexion_PWM/Conexion_pwm_generator/mod_value_reg[23]_i_1_n_0                              |                                                                                                                                          |                5 |             24 |
|  design_1_i/processing_system7_0/inst/FCLK_CLK0 | design_1_i/ps7_0_axi_periph/xbar/inst/gen_sasd.crossbar_sasd_0/reg_slice_r/aa_rready                                                                           |                                                                                                                                          |                9 |             32 |
|  design_1_i/processing_system7_0/inst/FCLK_CLK0 | design_1_i/axi_encoder_0/U0/axi_encoder_v1_0_S_AXI_inst/axi_rdata[31]_i_1_n_0                                                                                  | design_1_i/axi_encoder_0/U0/axi_encoder_v1_0_S_AXI_inst/axi_awready_i_1_n_0                                                              |               10 |             32 |
|  design_1_i/processing_system7_0/inst/FCLK_CLK0 | design_1_i/axi_pwm_generator_0/U0/axi_pwm_generator_v1_0_S_AXI_inst/axi_rdata[31]_i_1_n_0                                                                      | design_1_i/axi_pwm_generator_0/U0/axi_pwm_generator_v1_0_S_AXI_inst/axi_awready_i_1_n_0                                                  |                9 |             32 |
|  design_1_i/processing_system7_0/inst/FCLK_CLK0 | design_1_i/ps7_0_axi_periph/s00_couplers/auto_pc/inst/gen_axilite.gen_b2s_conv.axilite_b2s/RD.r_channel_0/rd_data_fifo_0/wr_en0                                |                                                                                                                                          |                9 |             34 |
|  design_1_i/processing_system7_0/inst/FCLK_CLK0 | design_1_i/ps7_0_axi_periph/xbar/inst/gen_sasd.crossbar_sasd_0/addr_arbiter_inst/E[0]                                                                          |                                                                                                                                          |               11 |             35 |
|  design_1_i/processing_system7_0/inst/FCLK_CLK0 | design_1_i/ps7_0_axi_periph/s00_couplers/auto_pc/inst/gen_axilite.gen_b2s_conv.axilite_b2s/SI_REG/ar.ar_pipe/s_axi_arready                                     |                                                                                                                                          |                7 |             43 |
|  design_1_i/processing_system7_0/inst/FCLK_CLK0 | design_1_i/ps7_0_axi_periph/s00_couplers/auto_pc/inst/gen_axilite.gen_b2s_conv.axilite_b2s/SI_REG/aw.aw_pipe/s_axi_awready                                     |                                                                                                                                          |                8 |             43 |
|  design_1_i/processing_system7_0/inst/FCLK_CLK0 | design_1_i/ps7_0_axi_periph/s00_couplers/auto_pc/inst/gen_axilite.gen_b2s_conv.axilite_b2s/RD.ar_channel_0/ar_cmd_fsm_0/m_payload_i_reg[0]_1[0]                |                                                                                                                                          |                9 |             43 |
|  design_1_i/processing_system7_0/inst/FCLK_CLK0 | design_1_i/ps7_0_axi_periph/s00_couplers/auto_pc/inst/gen_axilite.gen_b2s_conv.axilite_b2s/WR.aw_channel_0/aw_cmd_fsm_0/m_payload_i_reg[0][0]                  |                                                                                                                                          |                8 |             43 |
|  design_1_i/processing_system7_0/inst/FCLK_CLK0 | design_1_i/ps7_0_axi_periph/s00_couplers/auto_pc/inst/gen_axilite.gen_b2s_conv.axilite_b2s/SI_REG/r.r_pipe/p_1_in                                              |                                                                                                                                          |                8 |             47 |
|  design_1_i/processing_system7_0/inst/FCLK_CLK0 | design_1_i/ps7_0_axi_periph/s00_couplers/auto_pc/inst/gen_axilite.gen_b2s_conv.axilite_b2s/SI_REG/r.r_pipe/skid_buffer_reg[0]_0                                |                                                                                                                                          |                8 |             47 |
|  design_1_i/processing_system7_0/inst/FCLK_CLK0 |                                                                                                                                                                | design_1_i/ps7_0_axi_periph/s00_couplers/auto_pc/inst/gen_axilite.gen_b2s_conv.axilite_b2s/areset_d1                                     |               16 |             59 |
|  design_1_i/processing_system7_0/inst/FCLK_CLK0 |                                                                                                                                                                |                                                                                                                                          |               61 |            183 |
+-------------------------------------------------+----------------------------------------------------------------------------------------------------------------------------------------------------------------+------------------------------------------------------------------------------------------------------------------------------------------+------------------+----------------+


+--------+-----------------------+
| Fanout | Number of ControlSets |
+--------+-----------------------+
| 1      |                     1 |
| 2      |                     1 |
| 4      |                     8 |
| 5      |                     1 |
| 6      |                     1 |
| 8      |                    26 |
| 9      |                     1 |
| 11     |                     1 |
| 12     |                     1 |
| 13     |                     3 |
| 14     |                     2 |
| 16+    |                    21 |
+--------+-----------------------+


